2026-02-17 03:03:28 - Import started
POST data: Array
(
    [full_name] => 
    [username] => 
    [email] => 
    [password] => 
    [signatory_type] => 
    [excel_file] => Class_Adviser_Import_Template (1).xlsx
)

FILES data: Array
(
)

2026-02-17 03:03:34 - Import started
POST data: Array
(
    [full_name] => 
    [username] => 
    [email] => 
    [password] => 
    [signatory_type] => 
    [excel_file] => Class_Adviser_Import_Template (1).xlsx
)

FILES data: Array
(
)

2026-02-17 03:04:42 - Import started
POST data: Array
(
    [full_name] => 
    [username] => 
    [email] => 
    [password] => 
    [signatory_type] => 
    [excel_file] => Class_Adviser_Import_Template (1).xlsx
)

FILES data: Array
(
)

2026-02-17 03:04:56 - Import started
POST data: Array
(
    [full_name] => 
    [username] => 
    [email] => 
    [password] => 
    [signatory_type] => 
    [excel_file] => Class_Adviser_Import_Template (1).xlsx
)

FILES data: Array
(
)

2026-02-17 03:09:47 - Import started
POST data: Array
(
    [full_name] => 
    [username] => 
    [email] => 
    [password] => 
    [signatory_type] => 
    [excel_file] => Class_Adviser_Import_Template (1).xlsx
)

FILES data: Array
(
)

2026-02-17 03:09:56 - Import started
POST data: Array
(
    [full_name] => 
    [username] => 
    [email] => 
    [password] => 
    [signatory_type] => 
    [excel_file] => Class_Adviser_Import_Template (1).xlsx
)

FILES data: Array
(
)

2026-02-17 03:10:05 - Import started
POST data: Array
(
)

FILES data: Array
(
)

2026-02-17 03:11:57 - Import started
POST data: Array
(
)

FILES data: Array
(
)

2026-02-17 03:20:14 - Import started
POST data: Array
(
)

FILES data: Array
(
)

2026-02-17 03:20:17 - Import started
POST data: Array
(
)

FILES data: Array
(
)

2026-02-17 03:21:13 - Import started
POST data: Array
(
)

FILES data: Array
(
)

2026-02-17 03:25:03 - Import started
POST data: Array
(
)

FILES data: Array
(
)

2026-02-17 03:25:10 - Import started
POST data: Array
(
)

FILES data: Array
(
)

2026-02-17 03:29:27 - Import started
POST data: Array
(
)

FILES data: Array
(
)

2026-02-17 03:29:36 - Import started
POST data: Array
(
)

FILES data: Array
(
)

2026-02-17 03:32:52 - Import started
POST data: Array
(
)

FILES data: Array
(
)

2026-02-17 03:33:02 - Import started
POST data: Array
(
)

FILES data: Array
(
)

2026-02-17 03:33:52 - Import started
POST data: Array
(
)

FILES data: Array
(
)

2026-02-17 03:34:03 - Import started
POST data: Array
(
)

FILES data: Array
(
)

2026-02-17 03:48:47 - Import started
POST data: Array
(
)

FILES data: Array
(
)

2026-02-17 03:49:17 - Import started
POST data: Array
(
    [full_name] => Joshuatrytoday
    [username] => trytoday
    [email] => trytoday@gmail.com
    [password] => 
    [signatory_type] => Class Adviser
    [adviser_courses] => Array
        (
            [0] => ACT
        )

    [year_sections] => Array
        (
            [0] => ACT|1st Year|A
        )

    [add_signatory] => 
)

FILES data: Array
(
)

2026-02-17 03:49:43 - Import started
POST data: Array
(
    [full_name] => josh try today
    [username] => try today
    [email] => trytoday@gmail.com
    [password] => 
    [signatory_type] => Class Adviser
    [adviser_courses] => Array
        (
            [0] => BSOM
        )

    [year_sections] => Array
        (
            [0] => BSOM|4th Year|A
        )

    [add_signatory] => 
)

FILES data: Array
(
)

2026-02-17 03:49:43 - Import started
POST data: Array
(
)

FILES data: Array
(
)

2026-02-17 04:10:26 - Import started
POST data: Array
(
)

FILES data: Array
(
)

2026-02-17 04:10:28 - Import started
POST data: Array
(
)

FILES data: Array
(
)

2026-02-17 04:52:03 - Import started
POST data: Array
(
)

FILES data: Array
(
)

2026-02-17 05:24:07 - Import started
POST data: Array
(
)

FILES data: Array
(
)

2026-02-17 05:24:08 - Import started
POST data: Array
(
)

FILES data: Array
(
)

2026-02-17 05:34:32 - Import started
POST data: Array
(
)

FILES data: Array
(
)

2026-02-17 05:34:37 - Import started
POST data: Array
(
)

FILES data: Array
(
)

2026-02-17 05:34:43 - Import started
POST data: Array
(
)

FILES data: Array
(
)

2026-02-17 05:34:45 - Import started
POST data: Array
(
)

FILES data: Array
(
)

2026-02-17 05:34:50 - Import started
POST data: Array
(
)

FILES data: Array
(
)

2026-02-17 05:34:55 - Import started
POST data: Array
(
)

FILES data: Array
(
)

2026-02-17 05:34:56 - Import started
POST data: Array
(
)

FILES data: Array
(
)

2026-02-17 05:37:22 - Import started
POST data: Array
(
)

FILES data: Array
(
)

2026-02-17 05:40:21 - Import started
POST data: Array
(
)

FILES data: Array
(
)

2026-02-17 05:40:22 - Import started
POST data: Array
(
)

FILES data: Array
(
)

2026-02-17 05:40:24 - Import started
POST data: Array
(
)

FILES data: Array
(
)

2026-02-17 05:41:12 - Import started
POST data: Array
(
)

FILES data: Array
(
)

2026-02-17 05:41:14 - Import started
POST data: Array
(
)

FILES data: Array
(
)

2026-02-17 05:41:19 - Import started
POST data: Array
(
)

FILES data: Array
(
)

2026-02-17 05:41:24 - Import started
POST data: Array
(
)

FILES data: Array
(
)

2026-02-17 05:41:28 - Import started
POST data: Array
(
)

FILES data: Array
(
)

2026-02-17 05:41:31 - Import started
POST data: Array
(
)

FILES data: Array
(
)

2026-02-17 05:42:24 - Import started
POST data: Array
(
)

FILES data: Array
(
)

2026-02-17 05:43:58 - Import started
POST data: Array
(
)

FILES data: Array
(
)

2026-02-17 05:45:29 - Import started
POST data: Array
(
)

FILES data: Array
(
)

2026-02-17 05:45:39 - Import started
POST data: Array
(
)

FILES data: Array
(
)

2026-02-17 05:45:40 - Import started
POST data: Array
(
)

FILES data: Array
(
)

2026-02-17 05:45:46 - Import started
POST data: Array
(
)

FILES data: Array
(
)

2026-02-17 05:47:22 - Import started
POST data: Array
(
)

FILES data: Array
(
)

2026-02-17 05:48:28 - Import started
POST data: Array
(
)

FILES data: Array
(
)

2026-02-17 05:48:34 - Import started
POST data: Array
(
)

FILES data: Array
(
)

2026-02-17 05:48:37 - Import started
POST data: Array
(
)

FILES data: Array
(
)

2026-02-17 05:48:42 - Import started
POST data: Array
(
)

FILES data: Array
(
)

2026-02-17 05:53:57 - Import started
POST data: Array
(
)

FILES data: Array
(
)

2026-02-17 05:54:08 - Import started
POST data: Array
(
)

FILES data: Array
(
)

2026-02-17 05:59:45 - Import started
POST data: Array
(
)

FILES data: Array
(
)

2026-02-17 06:00:01 - Import started
POST data: Array
(
)

FILES data: Array
(
)

2026-02-17 06:00:03 - Import started
POST data: Array
(
)

FILES data: Array
(
)

2026-02-17 06:00:06 - Import started
POST data: Array
(
)

FILES data: Array
(
)

2026-02-17 06:00:08 - Import started
POST data: Array
(
)

FILES data: Array
(
)

2026-02-17 06:00:13 - Import started
POST data: Array
(
)

FILES data: Array
(
)

2026-02-17 06:00:38 - Import started
POST data: Array
(
)

FILES data: Array
(
)

2026-02-17 06:02:27 - Import started
POST data: Array
(
)

FILES data: Array
(
)

2026-02-17 06:02:44 - Import started
POST data: Array
(
)

FILES data: Array
(
)

2026-02-17 06:02:51 - Import started
POST data: Array
(
)

FILES data: Array
(
)

2026-02-17 06:02:53 - Import started
POST data: Array
(
)

FILES data: Array
(
)

2026-02-17 06:11:32 - Import started
POST data: Array
(
)

FILES data: Array
(
)

2026-02-17 06:16:16 - Import started
POST data: Array
(
)

FILES data: Array
(
)

2026-02-17 06:16:50 - Import started
POST data: Array
(
)

FILES data: Array
(
)

2026-02-17 06:17:19 - Import started
POST data: Array
(
)

FILES data: Array
(
)

2026-02-17 06:17:22 - Import started
POST data: Array
(
)

FILES data: Array
(
)

2026-02-17 06:25:57 - Import started
POST data: Array
(
)

FILES data: Array
(
)

2026-02-17 06:25:59 - Import started
POST data: Array
(
)

FILES data: Array
(
)

2026-02-17 06:27:54 - Import started
POST data: Array
(
)

FILES data: Array
(
)

2026-02-17 06:28:10 - Import started
POST data: Array
(
)

FILES data: Array
(
)

2026-02-17 06:28:35 - Import started
POST data: Array
(
)

FILES data: Array
(
)

2026-02-17 06:28:50 - Import started
POST data: Array
(
)

FILES data: Array
(
)

2026-02-17 06:28:52 - Import started
POST data: Array
(
)

FILES data: Array
(
)

2026-02-17 06:31:17 - Import started
POST data: Array
(
)

FILES data: Array
(
)

2026-02-17 06:31:18 - Import started
POST data: Array
(
)

FILES data: Array
(
)

2026-02-17 06:31:41 - Import started
POST data: Array
(
)

FILES data: Array
(
)

2026-02-17 06:34:03 - Import started
POST data: Array
(
)

FILES data: Array
(
)

2026-02-17 06:34:04 - Import started
POST data: Array
(
)

FILES data: Array
(
)

2026-02-17 06:35:22 - Import started
POST data: Array
(
)

FILES data: Array
(
)

2026-02-17 06:35:47 - Import started
POST data: Array
(
)

FILES data: Array
(
)

2026-02-17 06:40:12 - Import started
POST data: Array
(
)

FILES data: Array
(
)

2026-02-17 06:40:49 - Import started
POST data: Array
(
)

FILES data: Array
(
)

2026-02-17 06:40:53 - Import started
POST data: Array
(
)

FILES data: Array
(
)

2026-02-17 06:42:51 - Import started
POST data: Array
(
)

FILES data: Array
(
)

2026-02-17 06:43:12 - Import started
POST data: Array
(
)

FILES data: Array
(
)

2026-02-17 06:46:18 - Import started
POST data: Array
(
)

FILES data: Array
(
)

2026-02-17 06:46:20 - Import started
POST data: Array
(
)

FILES data: Array
(
)

2026-02-17 07:02:22 - Import started
POST data: Array
(
)

FILES data: Array
(
)

2026-02-17 10:01:04 - Import started
POST data: Array
(
)

FILES data: Array
(
)

2026-02-17 10:01:37 - Import started
POST data: Array
(
)

FILES data: Array
(
)

2026-02-17 10:03:27 - Import started
POST data: Array
(
)

FILES data: Array
(
)

2026-02-17 10:03:41 - Import started
POST data: Array
(
)

FILES data: Array
(
)

2026-02-17 10:08:40 - Import started
POST data: Array
(
)

FILES data: Array
(
)

2026-02-17 10:08:47 - Import started
POST data: Array
(
)

FILES data: Array
(
)

2026-02-17 10:10:42 - Import started
POST data: Array
(
)

FILES data: Array
(
)

2026-02-17 10:12:13 - Import started
POST data: Array
(
)

FILES data: Array
(
)

2026-02-17 10:15:18 - Import started
POST data: Array
(
)

FILES data: Array
(
)

2026-02-17 10:15:22 - Import started
POST data: Array
(
)

FILES data: Array
(
)

2026-02-17 10:15:25 - Import started
POST data: Array
(
)

FILES data: Array
(
)

2026-02-17 15:40:39 - Import started
POST data: Array
(
)

FILES data: Array
(
)

2026-02-17 15:41:03 - Import started
POST data: Array
(
)

FILES data: Array
(
)

2026-02-17 16:00:00 - Import started
POST data: Array
(
)

FILES data: Array
(
)

2026-02-17 16:04:20 - Import started
POST data: Array
(
)

FILES data: Array
(
)

2026-02-18 10:19:45 - Import started
POST data: Array
(
)

FILES data: Array
(
)

2026-02-19 02:20:29 - Import started
POST data: Array
(
)

FILES data: Array
(
)

2026-02-19 02:20:30 - Import started
POST data: Array
(
)

FILES data: Array
(
)

2026-02-19 02:20:33 - Import started
POST data: Array
(
)

FILES data: Array
(
)

2026-02-19 02:23:09 - Import started
POST data: Array
(
)

FILES data: Array
(
)

2026-02-19 03:10:46 - Import started
POST data: Array
(
)

FILES data: Array
(
)

2026-02-19 03:10:52 - Import started
POST data: Array
(
)

FILES data: Array
(
)

2026-02-19 03:36:20 - Import started
POST data: Array
(
)

FILES data: Array
(
)

2026-02-19 05:03:25 - Import started
POST data: Array
(
)

FILES data: Array
(
)

2026-02-19 05:03:30 - Import started
POST data: Array
(
)

FILES data: Array
(
)

2026-02-20 13:37:49 - Import started
POST data: Array
(
)

FILES data: Array
(
)

2026-02-20 15:58:31 - Import started
POST data: Array
(
)

FILES data: Array
(
)

2026-02-21 05:39:16 - Import started
POST data: Array
(
)

FILES data: Array
(
)

2026-02-21 05:44:13 - Import started
POST data: Array
(
)

FILES data: Array
(
)

2026-02-21 05:44:32 - Import started
POST data: Array
(
)

FILES data: Array
(
)

2026-02-21 07:51:49 - Import started
POST data: Array
(
)

FILES data: Array
(
)

2026-02-21 07:51:53 - Import started
POST data: Array
(
)

FILES data: Array
(
)

2026-02-21 08:31:11 - Import started
POST data: Array
(
)

FILES data: Array
(
)

2026-02-21 08:44:43 - Import started
POST data: Array
(
)

FILES data: Array
(
)

2026-02-21 09:10:15 - Import started
POST data: Array
(
)

FILES data: Array
(
)

2026-02-21 10:27:10 - Import started
POST data: Array
(
)

FILES data: Array
(
)

2026-02-21 10:32:35 - Import started
POST data: Array
(
)

FILES data: Array
(
)

2026-02-21 11:20:06 - Import started
POST data: Array
(
)

FILES data: Array
(
)

2026-02-21 11:27:50 - Import started
POST data: Array
(
)

FILES data: Array
(
)

